Start testing: Sep 11 22:58 CEST
----------------------------------------------------------
1/1 Testing: finance_tests
1/1 Test: finance_tests
Command: "/home/developer/Personal_projects/QT_Projects/PersonalFinanceTracker/build/finance_tests"
Directory: /home/developer/Personal_projects/QT_Projects/PersonalFinanceTracker/build
"finance_tests" start time: Sep 11 22:58 CEST
Output:
----------------------------------------------------------
All phase 4 tests passed
<end of output>
Test time =   0.42 sec
----------------------------------------------------------
Test Passed.
"finance_tests" end time: Sep 11 22:58 CEST
"finance_tests" time elapsed: 00:00:00
----------------------------------------------------------

End testing: Sep 11 22:58 CEST
